Sala_1|A1|OCCUPATO
Sala_1|A2|OCCUPATO
Sala_1|A3|OCCUPATO
Sala_1|A4|OCCUPATO
Sala_1|A5|LIBERO
Sala_1|A6|OCCUPATO
Sala_1|A7|OCCUPATO
Sala_1|A8|OCCUPATO
Sala_1|A9|OCCUPATO
Sala_1|A10|OCCUPATO
Sala_1|B1|OCCUPATO
Sala_1|B2|OCCUPATO
Sala_1|B3|OCCUPATO
Sala_1|B4|OCCUPATO
Sala_1|B5|OCCUPATO
Sala_1|B6|OCCUPATO
Sala_1|B7|OCCUPATO
Sala_1|B8|OCCUPATO
Sala_1|B9|OCCUPATO
Sala_1|B10|LIBERO
Sala_1|C1|LIBERO
Sala_1|C2|OCCUPATO
Sala_1|C3|OCCUPATO
Sala_1|C4|OCCUPATO
Sala_1|C5|LIBERO
Sala_1|C6|LIBERO
Sala_1|C7|OCCUPATO
Sala_1|C8|OCCUPATO
Sala_1|C9|OCCUPATO
Sala_1|C10|OCCUPATO
Sala_1|D1|LIBERO
Sala_1|D2|LIBERO
Sala_1|D3|LIBERO
Sala_1|D4|OCCUPATO
Sala_1|D5|OCCUPATO
Sala_1|D6|OCCUPATO
Sala_1|D7|OCCUPATO
Sala_1|D8|LIBERO
Sala_1|D9|LIBERO
Sala_1|D10|OCCUPATO
Sala_1|E1|OCCUPATO
Sala_1|E2|OCCUPATO
Sala_1|E3|LIBERO
Sala_1|E4|OCCUPATO
Sala_1|E5|LIBERO
Sala_1|E6|OCCUPATO
Sala_1|E7|OCCUPATO
Sala_1|E8|OCCUPATO
Sala_1|E9|OCCUPATO
Sala_1|E10|OCCUPATO
Sala_2|A1|OCCUPATO
Sala_2|A2|OCCUPATO
Sala_2|A3|OCCUPATO
Sala_2|A4|LIBERO
Sala_2|A5|LIBERO
Sala_2|A6|LIBERO
Sala_2|A7|OCCUPATO
Sala_2|A8|OCCUPATO
Sala_2|A9|OCCUPATO
Sala_2|A10|OCCUPATO
Sala_2|B1|OCCUPATO
Sala_2|B2|LIBERO
Sala_2|B3|OCCUPATO
Sala_2|B4|LIBERO
Sala_2|B5|OCCUPATO
Sala_2|B6|OCCUPATO
Sala_2|B7|OCCUPATO
Sala_2|B8|OCCUPATO
Sala_2|B9|OCCUPATO
Sala_2|B10|OCCUPATO
Sala_2|C1|OCCUPATO
Sala_2|C2|OCCUPATO
Sala_2|C3|OCCUPATO
Sala_2|C4|OCCUPATO
Sala_2|C5|LIBERO
Sala_2|C6|OCCUPATO
Sala_2|C7|OCCUPATO
Sala_2|C8|OCCUPATO
Sala_2|C9|OCCUPATO
Sala_2|C10|OCCUPATO
Sala_2|D1|OCCUPATO
Sala_2|D2|OCCUPATO
Sala_2|D3|OCCUPATO
Sala_2|D4|OCCUPATO
Sala_2|D5|LIBERO
Sala_2|D6|OCCUPATO
Sala_2|D7|OCCUPATO
Sala_2|D8|OCCUPATO
Sala_2|D9|OCCUPATO
Sala_2|D10|OCCUPATO
Sala_2|E1|OCCUPATO
Sala_2|E2|OCCUPATO
Sala_2|E3|OCCUPATO
Sala_2|E4|OCCUPATO
Sala_2|E5|OCCUPATO
Sala_2|E6|OCCUPATO
Sala_2|E7|OCCUPATO
Sala_2|E8|OCCUPATO
Sala_2|E9|OCCUPATO
Sala_2|E10|OCCUPATO
